
======================================================================
Enhanced Small-Data Training: 18 features
Ensemble: PHYS=0.65, XGB=0.25, RF=0.05, GB=0.05
======================================================================


======================================================================
WiDS Enhanced Training: 5-Fold CV with Anti-Overfitting
======================================================================
Data regime: Small (n=221, pos=69, neg=152)
Strategy: Heavy regularization, shallow trees, feature validation
======================================================================

✓ Feature validation passed (18 features)
  Positive class: 69 | Negative class: 152

Fold   Hybrid     C-Idx    Brier    Balance    Overfit   
----------------------------------------------------------------------
1      0.998394   1.0000   0.0023   OK         --        
2      0.946892   1.0000   0.0759   OK         --        
3      0.980432   1.0000   0.0280   OK         --        
4      0.992486   1.0000   0.0107   OK         --        
5      0.968096   1.0000   0.0456   OK         --        
----------------------------------------------------------------------
MEAN   0.977260   1.0000   0.0325  

Stability (1 - CV std/mean): 0.9812
Fold variance: 0.018411
Training time: 162.2s
======================================================================


======================================================================
FINAL METRICS
======================================================================
  Hybrid Score:  0.977260
  C-Index:       1.000000
  Brier Score:   0.032486
  Stability:     0.9812 (higher = better)
  Fold Std:      0.018411
  Time:          162.2s
======================================================================

⚠️  WARNING: High fold variance detected - possible overfitting!
   Recommendation: Increase regularization (deeper L2/min_samples_leaf)

