
======================================================================
Enhanced Small-Data Training: 17 features
Ensemble: PHYS=0.65, XGB=0.25, RF=0.05, GB=0.05
======================================================================


======================================================================
WiDS Enhanced Training: 5-Fold CV with Anti-Overfitting
======================================================================
Data regime: Small (n=221, pos=69, neg=152)
Strategy: Heavy regularization, shallow trees, feature validation
======================================================================

✓ Feature validation passed (17 features)
  Positive class: 69 | Negative class: 152

Fold   Hybrid     C-Idx    Brier    Balance    Overfit   
----------------------------------------------------------------------
1      0.965852   1.0000   0.0488   OK         --        
2      0.956336   1.0000   0.0624   OK         --        
3      0.950664   1.0000   0.0705   OK         --        
4      0.965174   1.0000   0.0498   OK         --        
5      0.948294   1.0000   0.0739   OK         --        
----------------------------------------------------------------------
MEAN   0.957264   1.0000   0.0611  

Stability (1 - CV std/mean): 0.9924
Fold variance: 0.007228
Training time: 7.3s
======================================================================


======================================================================
FINAL METRICS
======================================================================
  Hybrid Score:  0.957264
  C-Index:       1.000000
  Brier Score:   0.061051
  Stability:     0.9924 (higher = better)
  Fold Std:      0.007228
  Time:          7.3s
======================================================================

✓  Good stability - model generalizes well!

