
======================================================================
Enhanced Small-Data Training: 17 features
Ensemble: PHYS=0.65, XGB=0.25, RF=0.05, GB=0.05
======================================================================


======================================================================
WiDS Enhanced Training: 5-Fold CV with Anti-Overfitting
======================================================================
Data regime: Small (n=221, pos=69, neg=152)
Strategy: Heavy regularization, shallow trees, feature validation
======================================================================

✓ Feature validation passed (17 features)
  Positive class: 69 | Negative class: 152

Fold   Hybrid     C-Idx    Brier    Balance    Overfit   
----------------------------------------------------------------------
1      0.963172   1.0000   0.0526   OK         --        
2      0.954416   1.0000   0.0651   OK         --        
3      0.947566   1.0000   0.0749   OK         --        
4      0.962145   1.0000   0.0541   OK         --        
5      0.944042   1.0000   0.0799   OK         --        
----------------------------------------------------------------------
MEAN   0.954268   1.0000   0.0653  

Stability (1 - CV std/mean): 0.9920
Fold variance: 0.007627
Training time: 7.0s
======================================================================


======================================================================
FINAL METRICS
======================================================================
  Hybrid Score:  0.954268
  C-Index:       1.000000
  Brier Score:   0.065331
  Stability:     0.9920 (higher = better)
  Fold Std:      0.007627
  Time:          7.0s
======================================================================

✓  Good stability - model generalizes well!

