
======================================================================
Enhanced Small-Data Training: 17 features
Ensemble: PHYS=0.65, XGB=0.25, RF=0.05, GB=0.05
======================================================================


======================================================================
WiDS Enhanced Training: 5-Fold CV with Anti-Overfitting
======================================================================
Data regime: Small (n=221, pos=69, neg=152)
Strategy: Heavy regularization, shallow trees, feature validation
======================================================================

✓ Feature validation passed (17 features)
  Positive class: 69 | Negative class: 152

Fold   Hybrid     C-Idx    Brier    Balance    Overfit   
----------------------------------------------------------------------
1      0.966472   1.0000   0.0479   OK         --        
2      0.957567   1.0000   0.0606   OK         --        
3      0.951156   1.0000   0.0698   OK         --        
4      0.965816   1.0000   0.0488   OK         --        
5      0.948981   1.0000   0.0729   OK         --        
----------------------------------------------------------------------
MEAN   0.957999   1.0000   0.0600  

Stability (1 - CV std/mean): 0.9925
Fold variance: 0.007228
Training time: 9.1s
======================================================================


======================================================================
FINAL METRICS
======================================================================
  Hybrid Score:  0.957999
  C-Index:       1.000000
  Brier Score:   0.060002
  Stability:     0.9925 (higher = better)
  Fold Std:      0.007228
  Time:          9.1s
======================================================================

✓  Good stability - model generalizes well!

