
======================================================================
Enhanced Small-Data Training: 17 features
Ensemble: PHYS=0.65, XGB=0.25, RF=0.05, GB=0.05
======================================================================


======================================================================
WiDS Enhanced Training: 5-Fold CV with Anti-Overfitting
======================================================================
Data regime: Small (n=221, pos=69, neg=152)
Strategy: Heavy regularization, shallow trees, feature validation
======================================================================

✓ Feature validation passed (17 features)
  Positive class: 69 | Negative class: 152

Fold   Hybrid     C-Idx    Brier    Balance    Overfit   
----------------------------------------------------------------------
1      0.966822   1.0000   0.0474   OK         --        
2      0.957655   1.0000   0.0605   OK         --        
3      0.952551   1.0000   0.0678   OK         --        
4      0.966137   1.0000   0.0484   OK         --        
5      0.949028   1.0000   0.0728   OK         --        
----------------------------------------------------------------------
MEAN   0.958438   1.0000   0.0594  

Stability (1 - CV std/mean): 0.9926
Fold variance: 0.007119
Training time: 6.5s
======================================================================


======================================================================
FINAL METRICS
======================================================================
  Hybrid Score:  0.958438
  C-Index:       1.000000
  Brier Score:   0.059374
  Stability:     0.9926 (higher = better)
  Fold Std:      0.007119
  Time:          6.5s
======================================================================

✓  Good stability - model generalizes well!

