
======================================================================
Enhanced Small-Data Training: 17 features
Ensemble: PHYS=0.7, XGB=0.2, RF=0.05, GB=0.05
======================================================================


======================================================================
WiDS Enhanced Training: 5-Fold CV with Anti-Overfitting
======================================================================
Data regime: Small (n=221, pos=69, neg=152)
Strategy: Heavy regularization, shallow trees, feature validation
======================================================================

✓ Feature validation passed (17 features)
  Positive class: 69 | Negative class: 152

Fold   Hybrid     C-Idx    Brier    Balance    Overfit   
----------------------------------------------------------------------
1      0.963488   1.0000   0.0522   OK         --        
2      0.955718   1.0000   0.0633   OK         --        
3      0.947886   1.0000   0.0744   OK         --        
4      0.963001   1.0000   0.0529   OK         --        
5      0.944757   1.0000   0.0789   OK         --        
----------------------------------------------------------------------
MEAN   0.954970   1.0000   0.0643  

Stability (1 - CV std/mean): 0.9920
Fold variance: 0.007643
Training time: 7.5s
======================================================================


======================================================================
FINAL METRICS
======================================================================
  Hybrid Score:  0.954970
  C-Index:       1.000000
  Brier Score:   0.064329
  Stability:     0.9920 (higher = better)
  Fold Std:      0.007643
  Time:          7.5s
======================================================================

✓  Good stability - model generalizes well!

