
======================================================================
Enhanced Small-Data Training: 17 features
Ensemble: PHYS=0.65, XGB=0.25, RF=0.05, GB=0.05
======================================================================


======================================================================
WiDS Enhanced Training: 5-Fold CV with Anti-Overfitting
======================================================================
Data regime: Small (n=221, pos=69, neg=152)
Strategy: Heavy regularization, shallow trees, feature validation
======================================================================

✓ Feature validation passed (17 features)
  Positive class: 69 | Negative class: 152

Fold   Hybrid     C-Idx    Brier    Balance    Overfit   
----------------------------------------------------------------------
1      0.967876   1.0000   0.0459   OK         --        
2      0.958675   1.0000   0.0590   OK         --        
3      0.952741   1.0000   0.0675   OK         --        
4      0.967143   1.0000   0.0469   OK         --        
5      0.950969   1.0000   0.0700   OK         --        
----------------------------------------------------------------------
MEAN   0.959481   1.0000   0.0579  

Stability (1 - CV std/mean): 0.9927
Fold variance: 0.007039
Training time: 10.5s
======================================================================


======================================================================
FINAL METRICS
======================================================================
  Hybrid Score:  0.959481
  C-Index:       1.000000
  Brier Score:   0.057885
  Stability:     0.9927 (higher = better)
  Fold Std:      0.007039
  Time:          10.5s
======================================================================

✓  Good stability - model generalizes well!

