
======================================================================
Enhanced Small-Data Training: 30 features
Ensemble: PHYS=0.8, XGB=0.1, RF=0.05, GB=0.05
======================================================================


======================================================================
WiDS Enhanced Training: 5-Fold CV with Anti-Overfitting
======================================================================
Data regime: Small (n=221, pos=69, neg=152)
Strategy: Heavy regularization, shallow trees, feature validation
======================================================================

✓ Feature validation passed (30 features)
  Positive class: 69 | Negative class: 152

Fold   Hybrid     C-Idx    Brier    Balance    Overfit   
----------------------------------------------------------------------
1      0.960188   1.0000   0.0569   OK         --        
2      0.954188   1.0000   0.0654   OK         --        
3      0.944432   1.0000   0.0794   OK         --        
4      0.960105   1.0000   0.0570   OK         --        
5      0.939991   1.0000   0.0857   OK         --        
----------------------------------------------------------------------
MEAN   0.951781   1.0000   0.0689  

Stability (1 - CV std/mean): 0.9914
Fold variance: 0.008231
Training time: 41.2s
======================================================================


======================================================================
FINAL METRICS
======================================================================
  Hybrid Score:  0.951781
  C-Index:       1.000000
  Brier Score:   0.068884
  Stability:     0.9914 (higher = better)
  Fold Std:      0.008231
  Time:          41.2s
======================================================================

✓  Good stability - model generalizes well!

