
======================================================================
Enhanced Small-Data Training: 17 features
Ensemble: PHYS=0.65, XGB=0.25, RF=0.05, GB=0.05
======================================================================


======================================================================
WiDS Enhanced Training: 5-Fold CV with Anti-Overfitting
======================================================================
Data regime: Small (n=221, pos=69, neg=152)
Strategy: Heavy regularization, shallow trees, feature validation
======================================================================

✓ Feature validation passed (17 features)
  Positive class: 69 | Negative class: 152

Fold   Hybrid     C-Idx    Brier    Balance    Overfit   
----------------------------------------------------------------------
1      0.966219   1.0000   0.0483   OK         --        
2      0.957281   1.0000   0.0610   OK         --        
3      0.950895   1.0000   0.0702   OK         --        
4      0.965397   1.0000   0.0494   OK         --        
5      0.948603   1.0000   0.0734   OK         --        
----------------------------------------------------------------------
MEAN   0.957679   1.0000   0.0605  

Stability (1 - CV std/mean): 0.9925
Fold variance: 0.007226
Training time: 6.8s
======================================================================


======================================================================
FINAL METRICS
======================================================================
  Hybrid Score:  0.957679
  C-Index:       1.000000
  Brier Score:   0.060459
  Stability:     0.9925 (higher = better)
  Fold Std:      0.007226
  Time:          6.8s
======================================================================

✓  Good stability - model generalizes well!

