
======================================================================
Enhanced Small-Data Training: 17 features
Ensemble: PHYS=0.65, XGB=0.25, RF=0.05, GB=0.05
======================================================================


======================================================================
WiDS Enhanced Training: 5-Fold CV with Anti-Overfitting
======================================================================
Data regime: Small (n=221, pos=69, neg=152)
Strategy: Heavy regularization, shallow trees, feature validation
======================================================================

✓ Feature validation passed (17 features)
  Positive class: 69 | Negative class: 152

Fold   Hybrid     C-Idx    Brier    Balance    Overfit   
----------------------------------------------------------------------
1      0.966543   1.0000   0.0478   OK         --        
2      0.957563   1.0000   0.0606   OK         --        
3      0.951298   1.0000   0.0696   OK         --        
4      0.965803   1.0000   0.0489   OK         --        
5      0.949035   1.0000   0.0728   OK         --        
----------------------------------------------------------------------
MEAN   0.958049   1.0000   0.0599  

Stability (1 - CV std/mean): 0.9925
Fold variance: 0.007202
Training time: 21.4s
======================================================================


======================================================================
FINAL METRICS
======================================================================
  Hybrid Score:  0.958049
  C-Index:       1.000000
  Brier Score:   0.059931
  Stability:     0.9925 (higher = better)
  Fold Std:      0.007202
  Time:          21.4s
======================================================================

✓  Good stability - model generalizes well!

