
======================================================================
Enhanced Small-Data Training: 17 features
Ensemble: PHYS=0.65, XGB=0.25, RF=0.05, GB=0.05
======================================================================


======================================================================
WiDS Enhanced Training: 5-Fold CV with Anti-Overfitting
======================================================================
Data regime: Small (n=221, pos=69, neg=152)
Strategy: Heavy regularization, shallow trees, feature validation
======================================================================

✓ Feature validation passed (17 features)
  Positive class: 69 | Negative class: 152

Fold   Hybrid     C-Idx    Brier    Balance    Overfit   
----------------------------------------------------------------------
1      0.970516   1.0000   0.0421   OK         --        
2      0.960983   1.0000   0.0557   OK         --        
3      0.955614   1.0000   0.0634   OK         --        
4      0.969900   1.0000   0.0430   OK         --        
5      0.954837   1.0000   0.0645   OK         --        
----------------------------------------------------------------------
MEAN   0.962370   1.0000   0.0538  

Stability (1 - CV std/mean): 0.9930
Fold variance: 0.006743
Training time: 8.1s
======================================================================


======================================================================
FINAL METRICS
======================================================================
  Hybrid Score:  0.962370
  C-Index:       1.000000
  Brier Score:   0.053757
  Stability:     0.9930 (higher = better)
  Fold Std:      0.006743
  Time:          8.1s
======================================================================

✓  Good stability - model generalizes well!

