
======================================================================
Enhanced Small-Data Training: 18 features
Ensemble: PHYS=0.8, XGB=0.1, RF=0.05, GB=0.05
======================================================================


======================================================================
WiDS Enhanced Training: 5-Fold CV with Anti-Overfitting
======================================================================
Data regime: Small (n=221, pos=69, neg=152)
Strategy: Heavy regularization, shallow trees, feature validation
======================================================================

✓ Feature validation passed (18 features)
  Positive class: 69 | Negative class: 152

Fold   Hybrid     C-Idx    Brier    Balance    Overfit   
----------------------------------------------------------------------

Traceback (most recent call last):
  File "/home/raj/Documents/CODING/Kaggle/WiDS_GLOBAL_Datathon_2026/wids_train_enhanced.py", line 436, in <module>
    results = train_and_evaluate()
              ^^^^^^^^^^^^^^^^^^^^
  File "/home/raj/Documents/CODING/Kaggle/WiDS_GLOBAL_Datathon_2026/wids_train_enhanced.py", line 351, in train_and_evaluate
    if CALIBRATION_METHOD == 'isotonic':
       ^^^^^^^^^^^^^^^^^^
NameError: name 'CALIBRATION_METHOD' is not defined
