
======================================================================
Enhanced Small-Data Training: 30 features
Ensemble: PHYS=0.8, XGB=0.1, RF=0.05, GB=0.05
======================================================================


======================================================================
WiDS Enhanced Training: 5-Fold CV with Anti-Overfitting
======================================================================
Data regime: Small (n=221, pos=69, neg=152)
Strategy: Heavy regularization, shallow trees, feature validation
======================================================================

✓ Feature validation passed (30 features)
  Positive class: 69 | Negative class: 152
  Regimes: close(<5000m)=69, far(≥5000m)=152

Fold   Hybrid     C-Idx    Brier    Balance    Overfit   
----------------------------------------------------------------------
1      0.983651   1.0000   0.0234   OK         --        
2      0.979506   1.0000   0.0293   OK         --        
3      0.971329   1.0000   0.0410   OK         --        
4      0.984378   1.0000   0.0223   OK         --        
5      0.976782   1.0000   0.0332   OK         --        
----------------------------------------------------------------------
MEAN   0.979129   1.0000   0.0298  

Stability (1 - CV std/mean): 0.9951
Fold variance: 0.004785
Training time: 20.9s
======================================================================


======================================================================
FINAL METRICS
======================================================================
  Hybrid Score:  0.979129
  C-Index:       1.000000
  Brier Score:   0.029816
  Stability:     0.9951 (higher = better)
  Fold Std:      0.004785
  Time:          20.9s
======================================================================

✓  Good stability - model generalizes well!

