
======================================================================
Enhanced Small-Data Training: 17 features
Ensemble: PHYS=0.72, XGB=0.18, RF=0.05, GB=0.05
======================================================================


======================================================================
WiDS Enhanced Training: 5-Fold CV with Anti-Overfitting
======================================================================
Data regime: Small (n=221, pos=69, neg=152)
Strategy: Heavy regularization, shallow trees, feature validation
======================================================================

✓ Feature validation passed (17 features)
  Positive class: 69 | Negative class: 152

Fold   Hybrid     C-Idx    Brier    Balance    Overfit   
----------------------------------------------------------------------
1      0.962697   1.0000   0.0533   OK         --        
2      0.955365   1.0000   0.0638   OK         --        
3      0.947005   1.0000   0.0757   OK         --        
4      0.962360   1.0000   0.0538   OK         --        
5      0.943686   1.0000   0.0804   OK         --        
----------------------------------------------------------------------
MEAN   0.954222   1.0000   0.0654  

Stability (1 - CV std/mean): 0.9918
Fold variance: 0.007777
Training time: 6.6s
======================================================================


======================================================================
FINAL METRICS
======================================================================
  Hybrid Score:  0.954222
  C-Index:       1.000000
  Brier Score:   0.065396
  Stability:     0.9918 (higher = better)
  Fold Std:      0.007777
  Time:          6.6s
======================================================================

✓  Good stability - model generalizes well!

