
======================================================================
Enhanced Small-Data Training: 17 features
Ensemble: PHYS=0.65, XGB=0.25, RF=0.05, GB=0.05
======================================================================


======================================================================
WiDS Enhanced Training: 5-Fold CV with Anti-Overfitting
======================================================================
Data regime: Small (n=221, pos=69, neg=152)
Strategy: Heavy regularization, shallow trees, feature validation
======================================================================

✓ Feature validation passed (17 features)
  Positive class: 69 | Negative class: 152

Fold   Hybrid     C-Idx    Brier    Balance    Overfit   
----------------------------------------------------------------------
1      0.973338   1.0000   0.0381   OK         --        
2      0.963381   1.0000   0.0523   OK         --        
3      0.958649   1.0000   0.0591   OK         --        
4      0.972821   1.0000   0.0388   OK         --        
5      0.958968   1.0000   0.0586   OK         --        
----------------------------------------------------------------------
MEAN   0.965431   1.0000   0.0494  

Stability (1 - CV std/mean): 0.9933
Fold variance: 0.006467
Training time: 10.3s
======================================================================


======================================================================
FINAL METRICS
======================================================================
  Hybrid Score:  0.965431
  C-Index:       1.000000
  Brier Score:   0.049384
  Stability:     0.9933 (higher = better)
  Fold Std:      0.006467
  Time:          10.3s
======================================================================

✓  Good stability - model generalizes well!

