
======================================================================
Enhanced Small-Data Training: 17 features
Ensemble: PHYS=0.65, XGB=0.25, RF=0.05, GB=0.05
======================================================================


======================================================================
WiDS Enhanced Training: 5-Fold CV with Anti-Overfitting
======================================================================
Data regime: Small (n=221, pos=69, neg=152)
Strategy: Heavy regularization, shallow trees, feature validation
======================================================================

✓ Feature validation passed (17 features)
  Positive class: 69 | Negative class: 152

Fold   Hybrid     C-Idx    Brier    Balance    Overfit   
----------------------------------------------------------------------
1      0.965633   1.0000   0.0491   OK         --        
2      0.957699   1.0000   0.0604   OK         --        
3      0.951214   1.0000   0.0697   OK         --        
4      0.965260   1.0000   0.0496   OK         --        
5      0.948460   1.0000   0.0736   OK         --        
----------------------------------------------------------------------
MEAN   0.957653   1.0000   0.0605  

Stability (1 - CV std/mean): 0.9927
Fold variance: 0.007036
Training time: 7.4s
======================================================================


======================================================================
FINAL METRICS
======================================================================
  Hybrid Score:  0.957653
  C-Index:       1.000000
  Brier Score:   0.060496
  Stability:     0.9927 (higher = better)
  Fold Std:      0.007036
  Time:          7.4s
======================================================================

✓  Good stability - model generalizes well!

