
======================================================================
Enhanced Small-Data Training: 30 features
Ensemble: PHYS=0.8, XGB=0.1, RF=0.05, GB=0.05
======================================================================


======================================================================
WiDS Enhanced Training: 5-Fold CV with Anti-Overfitting
======================================================================
Data regime: Small (n=221, pos=69, neg=152)
Strategy: Heavy regularization, shallow trees, feature validation
======================================================================

✓ Feature validation passed (30 features)
  Positive class: 69 | Negative class: 152
  Regimes: close(<5000m)=69, far(≥5000m)=152

Fold   Hybrid     C-Idx    Brier    Balance    Overfit   
----------------------------------------------------------------------
1      0.982507   1.0000   0.0250   OK         --        
2      0.978931   1.0000   0.0301   OK         --        
3      0.970311   1.0000   0.0424   OK         --        
4      0.983225   1.0000   0.0240   OK         --        
5      0.975232   1.0000   0.0354   OK         --        
----------------------------------------------------------------------
MEAN   0.978041   1.0000   0.0314  

Stability (1 - CV std/mean): 0.9951
Fold variance: 0.004801
Training time: 21.7s
======================================================================


======================================================================
FINAL METRICS
======================================================================
  Hybrid Score:  0.978041
  C-Index:       1.000000
  Brier Score:   0.031369
  Stability:     0.9951 (higher = better)
  Fold Std:      0.004801
  Time:          21.7s
======================================================================

✓  Good stability - model generalizes well!

