
======================================================================
Enhanced Small-Data Training: 17 features
Ensemble: PHYS=0.7, XGB=0.15, RF=0.05, GB=0.1
======================================================================


======================================================================
WiDS Enhanced Training: 5-Fold CV with Anti-Overfitting
======================================================================
Data regime: Small (n=221, pos=69, neg=152)
Strategy: Heavy regularization, shallow trees, feature validation
======================================================================

✓ Feature validation passed (17 features)
  Positive class: 69 | Negative class: 152

Fold   Hybrid     C-Idx    Brier    Balance    Overfit   
----------------------------------------------------------------------
1      0.963533   1.0000   0.0521   OK         --        
2      0.955995   1.0000   0.0629   OK         --        
3      0.948272   1.0000   0.0739   OK         --        
4      0.963124   1.0000   0.0527   OK         --        
5      0.944875   1.0000   0.0788   OK         --        
----------------------------------------------------------------------
MEAN   0.955160   1.0000   0.0641  

Stability (1 - CV std/mean): 0.9921
Fold variance: 0.007582
Training time: 6.3s
======================================================================


======================================================================
FINAL METRICS
======================================================================
  Hybrid Score:  0.955160
  C-Index:       1.000000
  Brier Score:   0.064058
  Stability:     0.9921 (higher = better)
  Fold Std:      0.007582
  Time:          6.3s
======================================================================

✓  Good stability - model generalizes well!

