
======================================================================
Enhanced Small-Data Training: 17 features
Ensemble: PHYS=0.7, XGB=0.2, RF=0.05, GB=0.05
======================================================================


======================================================================
WiDS Enhanced Training: 5-Fold CV with Anti-Overfitting
======================================================================
Data regime: Small (n=221, pos=69, neg=152)
Strategy: Heavy regularization, shallow trees, feature validation
======================================================================

✓ Feature validation passed (17 features)
  Positive class: 69 | Negative class: 152

Fold   Hybrid     C-Idx    Brier    Balance    Overfit   
----------------------------------------------------------------------

Traceback (most recent call last):
  File "/home/raj/Documents/CODING/Kaggle/WiDS_GLOBAL_Datathon_2026/wids_train_enhanced.py", line 430, in <module>
    results = train_and_evaluate()
              ^^^^^^^^^^^^^^^^^^^^
  File "/home/raj/Documents/CODING/Kaggle/WiDS_GLOBAL_Datathon_2026/wids_train_enhanced.py", line 357, in train_and_evaluate
    p_train_blend = (W_PHYS * p_phys_train) + (W_XGB * p_xgb_train) + (W_RF * p_rf_train) + (W_GB * p_gb_train)
                    ~~~~~~~~~~~~~~~~~~~~~~~~^~~~~~~~~~~~~~~~~~~~~~~
ValueError: operands could not be broadcast together with shapes (176,4) (176,) 
