
======================================================================
Enhanced Small-Data Training: 17 features
Ensemble: PHYS=0.65, XGB=0.25, RF=0.05, GB=0.05
======================================================================


======================================================================
WiDS Enhanced Training: 5-Fold CV with Anti-Overfitting
======================================================================
Data regime: Small (n=221, pos=69, neg=152)
Strategy: Heavy regularization, shallow trees, feature validation
======================================================================

✓ Feature validation passed (17 features)
  Positive class: 69 | Negative class: 152

Fold   Hybrid     C-Idx    Brier    Balance    Overfit   
----------------------------------------------------------------------
1      0.961091   1.0000   0.0556   OK         --        
2      0.952462   1.0000   0.0679   OK         --        
3      0.945258   1.0000   0.0782   OK         --        
4      0.959886   1.0000   0.0573   OK         --        
5      0.940957   1.0000   0.0843   OK         --        
----------------------------------------------------------------------
MEAN   0.951931   1.0000   0.0687  

Stability (1 - CV std/mean): 0.9917
Fold variance: 0.007905
Training time: 7.5s
======================================================================


======================================================================
FINAL METRICS
======================================================================
  Hybrid Score:  0.951931
  C-Index:       1.000000
  Brier Score:   0.068670
  Stability:     0.9917 (higher = better)
  Fold Std:      0.007905
  Time:          7.5s
======================================================================

✓  Good stability - model generalizes well!

