
======================================================================
Enhanced Small-Data Training: 17 features
Ensemble: PHYS=0.65, XGB=0.25, RF=0.05, GB=0.05
======================================================================


======================================================================
WiDS Enhanced Training: 5-Fold CV with Anti-Overfitting
======================================================================
Data regime: Small (n=221, pos=69, neg=152)
Strategy: Heavy regularization, shallow trees, feature validation
======================================================================

✓ Feature validation passed (17 features)
  Positive class: 69 | Negative class: 152

Fold   Hybrid     C-Idx    Brier    Balance    Overfit   
----------------------------------------------------------------------
1      0.966361   1.0000   0.0481   OK         --        
2      0.957556   1.0000   0.0606   OK         --        
3      0.951175   1.0000   0.0698   OK         --        
4      0.965655   1.0000   0.0491   OK         --        
5      0.948877   1.0000   0.0730   OK         --        
----------------------------------------------------------------------
MEAN   0.957925   1.0000   0.0601  

Stability (1 - CV std/mean): 0.9925
Fold variance: 0.007190
Training time: 9.4s
======================================================================


======================================================================
FINAL METRICS
======================================================================
  Hybrid Score:  0.957925
  C-Index:       1.000000
  Brier Score:   0.060107
  Stability:     0.9925 (higher = better)
  Fold Std:      0.007190
  Time:          9.4s
======================================================================

✓  Good stability - model generalizes well!

