
======================================================================
Enhanced Small-Data Training: 17 features
Ensemble: PHYS=0.65, XGB=0.25, RF=0.05, GB=0.05
======================================================================


======================================================================
WiDS Enhanced Training: 5-Fold CV with Anti-Overfitting
======================================================================
Data regime: Small (n=221, pos=69, neg=152)
Strategy: Heavy regularization, shallow trees, feature validation
======================================================================

✓ Feature validation passed (17 features)
  Positive class: 69 | Negative class: 152

Fold   Hybrid     C-Idx    Brier    Balance    Overfit   
----------------------------------------------------------------------
1      0.956269   1.0000   0.0625   OK         --        
2      0.953140   1.0000   0.0669   OK         --        
3      0.946063   1.0000   0.0771   OK         --        
4      0.957012   1.0000   0.0614   OK         --        
5      0.939628   1.0000   0.0862   OK         --        
----------------------------------------------------------------------
MEAN   0.950422   1.0000   0.0708  

Stability (1 - CV std/mean): 0.9930
Fold variance: 0.006641
Training time: 7.7s
======================================================================


======================================================================
FINAL METRICS
======================================================================
  Hybrid Score:  0.950422
  C-Index:       1.000000
  Brier Score:   0.070825
  Stability:     0.9930 (higher = better)
  Fold Std:      0.006641
  Time:          7.7s
======================================================================

✓  Good stability - model generalizes well!

