
======================================================================
Enhanced Small-Data Training: 17 features
Ensemble: PHYS=0.68, XGB=0.22, RF=0.05, GB=0.05
======================================================================


======================================================================
WiDS Enhanced Training: 5-Fold CV with Anti-Overfitting
======================================================================
Data regime: Small (n=221, pos=69, neg=152)
Strategy: Heavy regularization, shallow trees, feature validation
======================================================================

✓ Feature validation passed (17 features)
  Positive class: 69 | Negative class: 152

Fold   Hybrid     C-Idx    Brier    Balance    Overfit   
----------------------------------------------------------------------
1      0.964271   1.0000   0.0510   OK         --        
2      0.956045   1.0000   0.0628   OK         --        
3      0.948761   1.0000   0.0732   OK         --        
4      0.963632   1.0000   0.0520   OK         --        
5      0.945815   1.0000   0.0774   OK         --        
----------------------------------------------------------------------
MEAN   0.955705   1.0000   0.0633  

Stability (1 - CV std/mean): 0.9921
Fold variance: 0.007515
Training time: 6.8s
======================================================================


======================================================================
FINAL METRICS
======================================================================
  Hybrid Score:  0.955705
  C-Index:       1.000000
  Brier Score:   0.063279
  Stability:     0.9921 (higher = better)
  Fold Std:      0.007515
  Time:          6.8s
======================================================================

✓  Good stability - model generalizes well!

