
======================================================================
Enhanced Small-Data Training: 17 features
Ensemble: PHYS=0.75, XGB=0.1, RF=0.05, GB=0.1
======================================================================


======================================================================
WiDS Enhanced Training: 5-Fold CV with Anti-Overfitting
======================================================================
Data regime: Small (n=221, pos=69, neg=152)
Strategy: Heavy regularization, shallow trees, feature validation
======================================================================

✓ Feature validation passed (17 features)
  Positive class: 69 | Negative class: 152

Fold   Hybrid     C-Idx    Brier    Balance    Overfit   
----------------------------------------------------------------------
1      0.961524   1.0000   0.0550   OK         --        
2      0.955060   1.0000   0.0642   OK         --        
3      0.946055   1.0000   0.0771   OK         --        
4      0.961494   1.0000   0.0550   OK         --        
5      0.942166   1.0000   0.0826   OK         --        
----------------------------------------------------------------------
MEAN   0.953260   1.0000   0.0668  

Stability (1 - CV std/mean): 0.9917
Fold variance: 0.007929
Training time: 7.7s
======================================================================


======================================================================
FINAL METRICS
======================================================================
  Hybrid Score:  0.953260
  C-Index:       1.000000
  Brier Score:   0.066772
  Stability:     0.9917 (higher = better)
  Fold Std:      0.007929
  Time:          7.7s
======================================================================

✓  Good stability - model generalizes well!

