
======================================================================
Enhanced Small-Data Training: 17 features
Ensemble: PHYS=0.75, XGB=0.15, RF=0.05, GB=0.05
======================================================================


======================================================================
WiDS Enhanced Training: 5-Fold CV with Anti-Overfitting
======================================================================
Data regime: Small (n=221, pos=69, neg=152)
Strategy: Heavy regularization, shallow trees, feature validation
======================================================================

✓ Feature validation passed (17 features)
  Positive class: 69 | Negative class: 152

Fold   Hybrid     C-Idx    Brier    Balance    Overfit   
----------------------------------------------------------------------
1      0.961497   1.0000   0.0550   OK         --        
2      0.954788   1.0000   0.0646   OK         --        
3      0.945675   1.0000   0.0776   OK         --        
4      0.961382   1.0000   0.0552   OK         --        
5      0.942056   1.0000   0.0828   OK         --        
----------------------------------------------------------------------
MEAN   0.953080   1.0000   0.0670  

Stability (1 - CV std/mean): 0.9916
Fold variance: 0.007988
Training time: 5.8s
======================================================================


======================================================================
FINAL METRICS
======================================================================
  Hybrid Score:  0.953080
  C-Index:       1.000000
  Brier Score:   0.067029
  Stability:     0.9916 (higher = better)
  Fold Std:      0.007988
  Time:          5.8s
======================================================================

✓  Good stability - model generalizes well!

