
======================================================================
Enhanced Small-Data Training: 17 features
Ensemble: PHYS=0.65, XGB=0.25, RF=0.05, GB=0.05
======================================================================


======================================================================
WiDS Enhanced Training: 5-Fold CV with Anti-Overfitting
======================================================================
Data regime: Small (n=221, pos=69, neg=152)
Strategy: Heavy regularization, shallow trees, feature validation
======================================================================

✓ Feature validation passed (17 features)
  Positive class: 69 | Negative class: 152

Fold   Hybrid     C-Idx    Brier    Balance    Overfit   
----------------------------------------------------------------------
1      0.966628   1.0000   0.0477   OK         --        
2      0.957565   1.0000   0.0606   OK         --        
3      0.951376   1.0000   0.0695   OK         --        
4      0.965830   1.0000   0.0488   OK         --        
5      0.949137   1.0000   0.0727   OK         --        
----------------------------------------------------------------------
MEAN   0.958107   1.0000   0.0598  

Stability (1 - CV std/mean): 0.9925
Fold variance: 0.007188
Training time: 6.6s
======================================================================


======================================================================
FINAL METRICS
======================================================================
  Hybrid Score:  0.958107
  C-Index:       1.000000
  Brier Score:   0.059847
  Stability:     0.9925 (higher = better)
  Fold Std:      0.007188
  Time:          6.6s
======================================================================

✓  Good stability - model generalizes well!

