
======================================================================
Enhanced Small-Data Training: 17 features
Ensemble: PHYS=0.7, XGB=0.17, RF=0.08, GB=0.05
======================================================================


======================================================================
WiDS Enhanced Training: 5-Fold CV with Anti-Overfitting
======================================================================
Data regime: Small (n=221, pos=69, neg=152)
Strategy: Heavy regularization, shallow trees, feature validation
======================================================================

✓ Feature validation passed (17 features)
  Positive class: 69 | Negative class: 152

Fold   Hybrid     C-Idx    Brier    Balance    Overfit   
----------------------------------------------------------------------
1      0.963638   1.0000   0.0519   OK         --        
2      0.956074   1.0000   0.0628   OK         --        
3      0.948063   1.0000   0.0742   OK         --        
4      0.963227   1.0000   0.0525   OK         --        
5      0.944988   1.0000   0.0786   OK         --        
----------------------------------------------------------------------
MEAN   0.955198   1.0000   0.0640  

Stability (1 - CV std/mean): 0.9920
Fold variance: 0.007637
Training time: 7.2s
======================================================================


======================================================================
FINAL METRICS
======================================================================
  Hybrid Score:  0.955198
  C-Index:       1.000000
  Brier Score:   0.064003
  Stability:     0.9920 (higher = better)
  Fold Std:      0.007637
  Time:          7.2s
======================================================================

✓  Good stability - model generalizes well!

