
======================================================================
Enhanced Small-Data Training: 17 features
Ensemble: PHYS=0.65, XGB=0.25, RF=0.05, GB=0.05
======================================================================


======================================================================
WiDS Enhanced Training: 5-Fold CV with Anti-Overfitting
======================================================================
Data regime: Small (n=221, pos=69, neg=152)
Strategy: Heavy regularization, shallow trees, feature validation
======================================================================

✓ Feature validation passed (17 features)
  Positive class: 69 | Negative class: 152

Fold   Hybrid     C-Idx    Brier    Balance    Overfit   
----------------------------------------------------------------------
1      0.965429   1.0000   0.0494   OK         --        
2      0.956485   1.0000   0.0622   OK         --        
3      0.950058   1.0000   0.0713   OK         --        
4      0.964560   1.0000   0.0506   OK         --        
5      0.947373   1.0000   0.0752   OK         --        
----------------------------------------------------------------------
MEAN   0.956781   1.0000   0.0617  

Stability (1 - CV std/mean): 0.9923
Fold variance: 0.007336
Training time: 9.0s
======================================================================


======================================================================
FINAL METRICS
======================================================================
  Hybrid Score:  0.956781
  C-Index:       1.000000
  Brier Score:   0.061741
  Stability:     0.9923 (higher = better)
  Fold Std:      0.007336
  Time:          9.0s
======================================================================

✓  Good stability - model generalizes well!

